<?xml version="1.0" encoding="UTF-8"?>
<testsuite xmlns:xsi="http://www.w3.org/2001/XMLSchema-instance" xsi:noNamespaceSchemaLocation="https://maven.apache.org/surefire/maven-surefire-plugin/xsd/surefire-test-report.xsd" name="RecipeTest" time="0.012" tests="39" errors="0" skipped="0" failures="0">
  <properties>
    <property name="sun.desktop" value="windows"/>
    <property name="awt.toolkit" value="sun.awt.windows.WToolkit"/>
    <property name="file.encoding.pkg" value="sun.io"/>
    <property name="java.specification.version" value="1.8"/>
    <property name="sun.cpu.isalist" value="amd64"/>
    <property name="sun.jnu.encoding" value="Cp1252"/>
    <property name="java.class.path" value="C:\Users\Henry Larson\IdeaProjects\CoffeeMaker\target\test-classes;C:\Users\Henry Larson\IdeaProjects\CoffeeMaker\target\classes;C:\Users\Henry Larson\.m2\repository\org\junit\jupiter\junit-jupiter\5.5.2\junit-jupiter-5.5.2.jar;C:\Users\Henry Larson\.m2\repository\org\junit\jupiter\junit-jupiter-api\5.5.2\junit-jupiter-api-5.5.2.jar;C:\Users\Henry Larson\.m2\repository\org\apiguardian\apiguardian-api\1.1.0\apiguardian-api-1.1.0.jar;C:\Users\Henry Larson\.m2\repository\org\opentest4j\opentest4j\1.2.0\opentest4j-1.2.0.jar;C:\Users\Henry Larson\.m2\repository\org\junit\platform\junit-platform-commons\1.5.2\junit-platform-commons-1.5.2.jar;C:\Users\Henry Larson\.m2\repository\org\junit\jupiter\junit-jupiter-params\5.5.2\junit-jupiter-params-5.5.2.jar;C:\Users\Henry Larson\.m2\repository\org\junit\jupiter\junit-jupiter-engine\5.5.2\junit-jupiter-engine-5.5.2.jar;C:\Users\Henry Larson\.m2\repository\org\junit\platform\junit-platform-engine\1.5.2\junit-platform-engine-1.5.2.jar;C:\Users\Henry Larson\.m2\repository\org\mockito\mockito-core\3.0.0\mockito-core-3.0.0.jar;C:\Users\Henry Larson\.m2\repository\net\bytebuddy\byte-buddy\1.9.10\byte-buddy-1.9.10.jar;C:\Users\Henry Larson\.m2\repository\net\bytebuddy\byte-buddy-agent\1.9.10\byte-buddy-agent-1.9.10.jar;C:\Users\Henry Larson\.m2\repository\org\objenesis\objenesis\2.6\objenesis-2.6.jar;"/>
    <property name="java.vm.vendor" value="Oracle Corporation"/>
    <property name="sun.arch.data.model" value="64"/>
    <property name="user.variant" value=""/>
    <property name="java.vendor.url" value="http://java.oracle.com/"/>
    <property name="user.timezone" value="America/New_York"/>
    <property name="java.vm.specification.version" value="1.8"/>
    <property name="os.name" value="Windows 10"/>
    <property name="user.country" value="US"/>
    <property name="sun.java.launcher" value="SUN_STANDARD"/>
    <property name="sun.boot.library.path" value="C:\Program Files\Java\jdk1.8.0_181\jre\bin"/>
    <property name="sun.java.command" value="C:\Users\Henry Larson\AppData\Local\Temp\surefire491841357162883430\surefirebooter1487849501973614521.jar C:\Users\Henry Larson\AppData\Local\Temp\surefire491841357162883430 2019-09-22T22-32-52_665-jvmRun1 surefire3647697849353362817tmp surefire_03609135056026933135tmp"/>
    <property name="surefire.test.class.path" value="C:\Users\Henry Larson\IdeaProjects\CoffeeMaker\target\test-classes;C:\Users\Henry Larson\IdeaProjects\CoffeeMaker\target\classes;C:\Users\Henry Larson\.m2\repository\org\junit\jupiter\junit-jupiter\5.5.2\junit-jupiter-5.5.2.jar;C:\Users\Henry Larson\.m2\repository\org\junit\jupiter\junit-jupiter-api\5.5.2\junit-jupiter-api-5.5.2.jar;C:\Users\Henry Larson\.m2\repository\org\apiguardian\apiguardian-api\1.1.0\apiguardian-api-1.1.0.jar;C:\Users\Henry Larson\.m2\repository\org\opentest4j\opentest4j\1.2.0\opentest4j-1.2.0.jar;C:\Users\Henry Larson\.m2\repository\org\junit\platform\junit-platform-commons\1.5.2\junit-platform-commons-1.5.2.jar;C:\Users\Henry Larson\.m2\repository\org\junit\jupiter\junit-jupiter-params\5.5.2\junit-jupiter-params-5.5.2.jar;C:\Users\Henry Larson\.m2\repository\org\junit\jupiter\junit-jupiter-engine\5.5.2\junit-jupiter-engine-5.5.2.jar;C:\Users\Henry Larson\.m2\repository\org\junit\platform\junit-platform-engine\1.5.2\junit-platform-engine-1.5.2.jar;C:\Users\Henry Larson\.m2\repository\org\mockito\mockito-core\3.0.0\mockito-core-3.0.0.jar;C:\Users\Henry Larson\.m2\repository\net\bytebuddy\byte-buddy\1.9.10\byte-buddy-1.9.10.jar;C:\Users\Henry Larson\.m2\repository\net\bytebuddy\byte-buddy-agent\1.9.10\byte-buddy-agent-1.9.10.jar;C:\Users\Henry Larson\.m2\repository\org\objenesis\objenesis\2.6\objenesis-2.6.jar;"/>
    <property name="sun.cpu.endian" value="little"/>
    <property name="user.home" value="C:\Users\Henry Larson"/>
    <property name="user.language" value="en"/>
    <property name="java.specification.vendor" value="Oracle Corporation"/>
    <property name="java.home" value="C:\Program Files\Java\jdk1.8.0_181\jre"/>
    <property name="basedir" value="C:\Users\Henry Larson\IdeaProjects\CoffeeMaker"/>
    <property name="file.separator" value="\"/>
    <property name="line.separator" value="&#10;"/>
    <property name="java.vm.specification.vendor" value="Oracle Corporation"/>
    <property name="java.specification.name" value="Java Platform API Specification"/>
    <property name="java.awt.graphicsenv" value="sun.awt.Win32GraphicsEnvironment"/>
    <property name="surefire.real.class.path" value="C:\Users\Henry Larson\AppData\Local\Temp\surefire491841357162883430\surefirebooter1487849501973614521.jar;C:\\Users\\Henry Larson\\.m2\\repository\\org\\jacoco\\org.jacoco.agent\\0.8.4\\org.jacoco.agent-0.8.4-runtime.jar"/>
    <property name="sun.boot.class.path" value="C:\Program Files\Java\jdk1.8.0_181\jre\lib\resources.jar;C:\Program Files\Java\jdk1.8.0_181\jre\lib\rt.jar;C:\Program Files\Java\jdk1.8.0_181\jre\lib\sunrsasign.jar;C:\Program Files\Java\jdk1.8.0_181\jre\lib\jsse.jar;C:\Program Files\Java\jdk1.8.0_181\jre\lib\jce.jar;C:\Program Files\Java\jdk1.8.0_181\jre\lib\charsets.jar;C:\Program Files\Java\jdk1.8.0_181\jre\lib\jfr.jar;C:\Program Files\Java\jdk1.8.0_181\jre\classes"/>
    <property name="user.script" value=""/>
    <property name="sun.management.compiler" value="HotSpot 64-Bit Tiered Compilers"/>
    <property name="java.runtime.version" value="1.8.0_181-b13"/>
    <property name="user.name" value="Henry Larson"/>
    <property name="path.separator" value=";"/>
    <property name="os.version" value="10.0"/>
    <property name="java.endorsed.dirs" value="C:\Program Files\Java\jdk1.8.0_181\jre\lib\endorsed"/>
    <property name="java.runtime.name" value="Java(TM) SE Runtime Environment"/>
    <property name="file.encoding" value="Cp1252"/>
    <property name="java.vm.name" value="Java HotSpot(TM) 64-Bit Server VM"/>
    <property name="localRepository" value="C:\Users\Henry Larson\.m2\repository"/>
    <property name="java.vendor.url.bug" value="http://bugreport.sun.com/bugreport/"/>
    <property name="java.io.tmpdir" value="C:\Users\Henry Larson\AppData\Local\Temp\"/>
    <property name="java.version" value="1.8.0_181"/>
    <property name="user.dir" value="C:\Users\Henry Larson\IdeaProjects\CoffeeMaker"/>
    <property name="os.arch" value="amd64"/>
    <property name="java.vm.specification.name" value="Java Virtual Machine Specification"/>
    <property name="java.awt.printerjob" value="sun.awt.windows.WPrinterJob"/>
    <property name="sun.os.patch.level" value=""/>
    <property name="java.library.path" value="C:\Program Files\Java\jdk1.8.0_181\jre\bin;C:\WINDOWS\Sun\Java\bin;C:\WINDOWS\system32;C:\WINDOWS;C:\ProgramData\Oracle\Java\javapath;C:\Windows\system32;C:\Windows;C:\Windows\System32\Wbem;C:\Windows\System32\WindowsPowerShell\v1.0\;C:\Program Files (x86)\NVIDIA Corporation\PhysX\Common;C:\Program Files\PuTTY\;C:\Program Files\Git\cmd;C:\WINDOWS\system32;C:\WINDOWS;C:\WINDOWS\System32\Wbem;C:\WINDOWS\System32\WindowsPowerShell\v1.0\;C:\WINDOWS\System32\OpenSSH\;C:\Program Files\Java\jdk-9.0.4\bin;C:\Program Files\Apache\apache-maven-3.5.4\bin;C:\Program Files\SQLite\sqlite-tools-win32-x86-3250000;;C:\Program Files\NVIDIA Corporation\NVIDIA NvDLISR;C:\Program Files\nodejs\;C:\WINDOWS\system32;C:\WINDOWS;C:\WINDOWS\System32\Wbem;C:\WINDOWS\System32\WindowsPowerShell\v1.0\;C:\WINDOWS\System32\OpenSSH\;C:\Program Files (x86)\Intel\Intel(R) Management Engine Components\DAL;C:\Program Files\Intel\Intel(R) Management Engine Components\DAL;C:\Users\Henry Larson\AppData\Local\Programs\Python\Python36-32\Scripts\;C:\Users\Henry Larson\AppData\Local\Programs\Python\Python36-32\;C:\Users\Henry Larson\AppData\Local\Microsoft\WindowsApps;C:\Users\Henry Larson\AppData\Roaming\npm;;."/>
    <property name="java.vm.info" value="mixed mode"/>
    <property name="java.vendor" value="Oracle Corporation"/>
    <property name="java.vm.version" value="25.181-b13"/>
    <property name="java.ext.dirs" value="C:\Program Files\Java\jdk1.8.0_181\jre\lib\ext;C:\WINDOWS\Sun\Java\lib\ext"/>
    <property name="sun.io.unicode.encoding" value="UnicodeLittle"/>
    <property name="java.class.version" value="52.0"/>
  </properties>
  <testcase name="testSetAmtSugarCatchNegativeInt" classname="RecipeTest" time="0"/>
  <testcase name="testConstructorMilk" classname="RecipeTest" time="0"/>
  <testcase name="testConstructorName" classname="RecipeTest" time="0"/>
  <testcase name="testSetAmtCoffeeCatchNegativeInt" classname="RecipeTest" time="0"/>
  <testcase name="equalsWorksWithExactSameRecipes" classname="RecipeTest" time="0"/>
  <testcase name="equalsReturnsFalseWhenRecipeIsDifferentObject" classname="RecipeTest" time="0"/>
  <testcase name="testHashWithName" classname="RecipeTest" time="0"/>
  <testcase name="testSetAmtChocolateValid" classname="RecipeTest" time="0"/>
  <testcase name="testGetAmtMilkValid" classname="RecipeTest" time="0"/>
  <testcase name="ingredientsEqualsReturnsFalseWhenRecipeIsDifferentObject" classname="RecipeTest" time="0"/>
  <testcase name="testConstructorSugar" classname="RecipeTest" time="0"/>
  <testcase name="testGetAmtChocolateValid" classname="RecipeTest" time="0"/>
  <testcase name="testHashWithNoName" classname="RecipeTest" time="0"/>
  <testcase name="testSetAmtCoffeeValid" classname="RecipeTest" time="0.001"/>
  <testcase name="testSetAmtSugarValid" classname="RecipeTest" time="0"/>
  <testcase name="testConctructorPrice" classname="RecipeTest" time="0"/>
  <testcase name="testSetAmtMilkValid" classname="RecipeTest" time="0"/>
  <testcase name="testConstructorCoffee" classname="RecipeTest" time="0"/>
  <testcase name="testSetAmtChocolatecCatchInt" classname="RecipeTest" time="0"/>
  <testcase name="ingredientsEqualsWorksWithSimilarRecipes" classname="RecipeTest" time="0"/>
  <testcase name="testGetName" classname="RecipeTest" time="0"/>
  <testcase name="testSetPriceCatchInt" classname="RecipeTest" time="0"/>
  <testcase name="testSetPriceCatchNegativeInt" classname="RecipeTest" time="0"/>
  <testcase name="testGetAmtCoffeeValid" classname="RecipeTest" time="0"/>
  <testcase name="testSetAmtCoffeeCatchInt" classname="RecipeTest" time="0"/>
  <testcase name="equalsWhenNamesAreDiffernet" classname="RecipeTest" time="0"/>
  <testcase name="testGetPriceValid" classname="RecipeTest" time="0"/>
  <testcase name="testSetAmtChocolateCatchnNegativeInt" classname="RecipeTest" time="0.001"/>
  <testcase name="equalsReturnsFalseWhenRecipeNull" classname="RecipeTest" time="0"/>
  <testcase name="ingredientsEqualsAreNotEqual" classname="RecipeTest" time="0"/>
  <testcase name="testGetAmtSugarValid" classname="RecipeTest" time="0.001"/>
  <testcase name="testSetPriceValid" classname="RecipeTest" time="0.001"/>
  <testcase name="testConstructorChocolate" classname="RecipeTest" time="0"/>
  <testcase name="ingredientsEqualsReturnsFalseWhenRecipeNull" classname="RecipeTest" time="0"/>
  <testcase name="testSetAmtSugarCatchInt" classname="RecipeTest" time="0"/>
  <testcase name="testSetName" classname="RecipeTest" time="0"/>
  <testcase name="testSetAmtMilkCatchNegativeInt" classname="RecipeTest" time="0.001"/>
  <testcase name="testSetAmtMilkCatchInt" classname="RecipeTest" time="0"/>
  <testcase name="equalsWhenNamesAreSimilar" classname="RecipeTest" time="0"/>
</testsuite>