<?xml version="1.0" encoding="UTF-8"?>
<testsuite xmlns:xsi="http://www.w3.org/2001/XMLSchema-instance" xsi:noNamespaceSchemaLocation="https://maven.apache.org/surefire/maven-surefire-plugin/xsd/surefire-test-report.xsd" name="RecipeTest" time="0.053" tests="43" errors="0" skipped="0" failures="0">
  <properties>
    <property name="sun.desktop" value="gnome"/>
    <property name="awt.toolkit" value="sun.awt.X11.XToolkit"/>
    <property name="java.specification.version" value="11"/>
    <property name="sun.cpu.isalist" value=""/>
    <property name="sun.jnu.encoding" value="UTF-8"/>
    <property name="java.class.path" value="/home/noah/Projects/352/CoffeeMaker/Coffeemaker3/CoffeeMaker/target/test-classes:/home/noah/Projects/352/CoffeeMaker/Coffeemaker3/CoffeeMaker/target/classes:/home/noah/.m2/repository/org/junit/jupiter/junit-jupiter/5.5.2/junit-jupiter-5.5.2.jar:/home/noah/.m2/repository/org/junit/jupiter/junit-jupiter-api/5.5.2/junit-jupiter-api-5.5.2.jar:/home/noah/.m2/repository/org/apiguardian/apiguardian-api/1.1.0/apiguardian-api-1.1.0.jar:/home/noah/.m2/repository/org/opentest4j/opentest4j/1.2.0/opentest4j-1.2.0.jar:/home/noah/.m2/repository/org/junit/platform/junit-platform-commons/1.5.2/junit-platform-commons-1.5.2.jar:/home/noah/.m2/repository/org/junit/jupiter/junit-jupiter-params/5.5.2/junit-jupiter-params-5.5.2.jar:/home/noah/.m2/repository/org/junit/jupiter/junit-jupiter-engine/5.5.2/junit-jupiter-engine-5.5.2.jar:/home/noah/.m2/repository/org/junit/platform/junit-platform-engine/1.5.2/junit-platform-engine-1.5.2.jar:/home/noah/.m2/repository/org/mockito/mockito-core/3.0.0/mockito-core-3.0.0.jar:/home/noah/.m2/repository/net/bytebuddy/byte-buddy/1.9.10/byte-buddy-1.9.10.jar:/home/noah/.m2/repository/net/bytebuddy/byte-buddy-agent/1.9.10/byte-buddy-agent-1.9.10.jar:/home/noah/.m2/repository/org/objenesis/objenesis/2.6/objenesis-2.6.jar:"/>
    <property name="java.vm.vendor" value="Ubuntu"/>
    <property name="sun.arch.data.model" value="64"/>
    <property name="java.vendor.url" value="https://ubuntu.com/"/>
    <property name="user.timezone" value=""/>
    <property name="java.vm.specification.version" value="11"/>
    <property name="os.name" value="Linux"/>
    <property name="sun.java.launcher" value="SUN_STANDARD"/>
    <property name="user.country" value="US"/>
    <property name="sun.boot.library.path" value="/usr/lib/jvm/java-11-openjdk-amd64/lib"/>
    <property name="sun.java.command" value="/home/noah/Projects/352/CoffeeMaker/Coffeemaker3/CoffeeMaker/target/surefire/surefirebooter10153815077341868006.jar /home/noah/Projects/352/CoffeeMaker/Coffeemaker3/CoffeeMaker/target/surefire 2019-09-22T23-20-51_866-jvmRun1 surefire14814132099243802090tmp surefire_013128093701773388359tmp"/>
    <property name="jdk.debug" value="release"/>
    <property name="surefire.test.class.path" value="/home/noah/Projects/352/CoffeeMaker/Coffeemaker3/CoffeeMaker/target/test-classes:/home/noah/Projects/352/CoffeeMaker/Coffeemaker3/CoffeeMaker/target/classes:/home/noah/.m2/repository/org/junit/jupiter/junit-jupiter/5.5.2/junit-jupiter-5.5.2.jar:/home/noah/.m2/repository/org/junit/jupiter/junit-jupiter-api/5.5.2/junit-jupiter-api-5.5.2.jar:/home/noah/.m2/repository/org/apiguardian/apiguardian-api/1.1.0/apiguardian-api-1.1.0.jar:/home/noah/.m2/repository/org/opentest4j/opentest4j/1.2.0/opentest4j-1.2.0.jar:/home/noah/.m2/repository/org/junit/platform/junit-platform-commons/1.5.2/junit-platform-commons-1.5.2.jar:/home/noah/.m2/repository/org/junit/jupiter/junit-jupiter-params/5.5.2/junit-jupiter-params-5.5.2.jar:/home/noah/.m2/repository/org/junit/jupiter/junit-jupiter-engine/5.5.2/junit-jupiter-engine-5.5.2.jar:/home/noah/.m2/repository/org/junit/platform/junit-platform-engine/1.5.2/junit-platform-engine-1.5.2.jar:/home/noah/.m2/repository/org/mockito/mockito-core/3.0.0/mockito-core-3.0.0.jar:/home/noah/.m2/repository/net/bytebuddy/byte-buddy/1.9.10/byte-buddy-1.9.10.jar:/home/noah/.m2/repository/net/bytebuddy/byte-buddy-agent/1.9.10/byte-buddy-agent-1.9.10.jar:/home/noah/.m2/repository/org/objenesis/objenesis/2.6/objenesis-2.6.jar:"/>
    <property name="sun.cpu.endian" value="little"/>
    <property name="user.home" value="/home/noah"/>
    <property name="user.language" value="en"/>
    <property name="java.specification.vendor" value="Oracle Corporation"/>
    <property name="java.version.date" value="2019-07-16"/>
    <property name="java.home" value="/usr/lib/jvm/java-11-openjdk-amd64"/>
    <property name="file.separator" value="/"/>
    <property name="basedir" value="/home/noah/Projects/352/CoffeeMaker/Coffeemaker3/CoffeeMaker"/>
    <property name="java.vm.compressedOopsMode" value="Zero based"/>
    <property name="line.separator" value="&#10;"/>
    <property name="java.specification.name" value="Java Platform API Specification"/>
    <property name="java.vm.specification.vendor" value="Oracle Corporation"/>
    <property name="java.awt.graphicsenv" value="sun.awt.X11GraphicsEnvironment"/>
    <property name="surefire.real.class.path" value="/home/noah/Projects/352/CoffeeMaker/Coffeemaker3/CoffeeMaker/target/surefire/surefirebooter10153815077341868006.jar"/>
    <property name="sun.management.compiler" value="HotSpot 64-Bit Tiered Compilers"/>
    <property name="java.runtime.version" value="11.0.4+11-post-Ubuntu-1ubuntu219.04"/>
    <property name="user.name" value="noah"/>
    <property name="path.separator" value=":"/>
    <property name="os.version" value="5.0.0-27-generic"/>
    <property name="java.runtime.name" value="OpenJDK Runtime Environment"/>
    <property name="file.encoding" value="UTF-8"/>
    <property name="java.vm.name" value="OpenJDK 64-Bit Server VM"/>
    <property name="localRepository" value="/home/noah/.m2/repository"/>
    <property name="java.vendor.url.bug" value="https://bugs.launchpad.net/ubuntu/+source/openjdk-lts"/>
    <property name="java.io.tmpdir" value="/tmp"/>
    <property name="java.version" value="11.0.4"/>
    <property name="user.dir" value="/home/noah/Projects/352/CoffeeMaker/Coffeemaker3/CoffeeMaker"/>
    <property name="os.arch" value="amd64"/>
    <property name="java.vm.specification.name" value="Java Virtual Machine Specification"/>
    <property name="java.awt.printerjob" value="sun.print.PSPrinterJob"/>
    <property name="sun.os.patch.level" value="unknown"/>
    <property name="java.library.path" value="/usr/java/packages/lib:/usr/lib/x86_64-linux-gnu/jni:/lib/x86_64-linux-gnu:/usr/lib/x86_64-linux-gnu:/usr/lib/jni:/lib:/usr/lib"/>
    <property name="java.vendor" value="Ubuntu"/>
    <property name="java.vm.info" value="mixed mode, sharing"/>
    <property name="java.vm.version" value="11.0.4+11-post-Ubuntu-1ubuntu219.04"/>
    <property name="sun.io.unicode.encoding" value="UnicodeLittle"/>
    <property name="java.class.version" value="55.0"/>
  </properties>
  <testcase name="testSetAmtSugarCatchNegativeInt" classname="RecipeTest" time="0"/>
  <testcase name="testConstructorMilk" classname="RecipeTest" time="0"/>
  <testcase name="testConstructorName" classname="RecipeTest" time="0"/>
  <testcase name="testSetAmtCoffeeCatchNegativeInt" classname="RecipeTest" time="0"/>
  <testcase name="equalsWorksWithExactSameRecipes" classname="RecipeTest" time="0"/>
  <testcase name="equalsReturnsFalseWhenRecipeIsDifferentObject" classname="RecipeTest" time="0"/>
  <testcase name="testHashWithName" classname="RecipeTest" time="0"/>
  <testcase name="testSetAmtChocolateValid" classname="RecipeTest" time="0"/>
  <testcase name="testGetAmtMilkValid" classname="RecipeTest" time="0"/>
  <testcase name="ingredientsEqualsReturnsFalseWhenRecipeIsDifferentObject" classname="RecipeTest" time="0"/>
  <testcase name="testConstructorSugar" classname="RecipeTest" time="0.003"/>
  <testcase name="testGetAmtChocolateValid" classname="RecipeTest" time="0"/>
  <testcase name="testHashWithNoName" classname="RecipeTest" time="0"/>
  <testcase name="testSetAmtCoffeeValid" classname="RecipeTest" time="0"/>
  <testcase name="testSetNameNull" classname="RecipeTest" time="0"/>
  <testcase name="testSetAmtSugarValid" classname="RecipeTest" time="0"/>
  <testcase name="testConctructorPrice" classname="RecipeTest" time="0"/>
  <testcase name="testSetAmtMilkValid" classname="RecipeTest" time="0"/>
  <testcase name="testConstructorCoffee" classname="RecipeTest" time="0"/>
  <testcase name="testSetAmtChocolatecCatchInt" classname="RecipeTest" time="0"/>
  <testcase name="ingredientsEqualsWorksWithSimilarRecipes" classname="RecipeTest" time="0"/>
  <testcase name="testGetName" classname="RecipeTest" time="0"/>
  <testcase name="testSetPriceCatchInt" classname="RecipeTest" time="0"/>
  <testcase name="testSetPriceCatchNegativeInt" classname="RecipeTest" time="0.001"/>
  <testcase name="testGetAmtCoffeeValid" classname="RecipeTest" time="0.001"/>
  <testcase name="testSetAmtCoffeeCatchInt" classname="RecipeTest" time="0.013"/>
  <testcase name="equalsWhenNamesAreDiffernet" classname="RecipeTest" time="0"/>
  <testcase name="testGetPriceValid" classname="RecipeTest" time="0"/>
  <testcase name="testSetAmtChocolateCatchnNegativeInt" classname="RecipeTest" time="0"/>
  <testcase name="equalsFalseWhenNameIsNull" classname="RecipeTest" time="0.001"/>
  <testcase name="equalsReturnsFalseWhenRecipeNull" classname="RecipeTest" time="0.002"/>
  <testcase name="ingredientsEqualsAreNotEqual" classname="RecipeTest" time="0.001"/>
  <testcase name="ingredientsEqualsWhenTheyreTheSame" classname="RecipeTest" time="0.001"/>
  <testcase name="testGetAmtSugarValid" classname="RecipeTest" time="0.001"/>
  <testcase name="testSetPriceValid" classname="RecipeTest" time="0.001"/>
  <testcase name="testConstructorChocolate" classname="RecipeTest" time="0.001"/>
  <testcase name="ingredientsEqualsReturnsFalseWhenRecipeNull" classname="RecipeTest" time="0.001"/>
  <testcase name="testSetAmtSugarCatchInt" classname="RecipeTest" time="0.002"/>
  <testcase name="testSetName" classname="RecipeTest" time="0.001"/>
  <testcase name="ingredientsFalseWhenNameIsNull" classname="RecipeTest" time="0.001"/>
  <testcase name="testSetAmtMilkCatchNegativeInt" classname="RecipeTest" time="0.002"/>
  <testcase name="testSetAmtMilkCatchInt" classname="RecipeTest" time="0.002"/>
  <testcase name="equalsWhenNamesAreSimilar" classname="RecipeTest" time="0.001"/>
</testsuite>