<?xml version="1.0" encoding="UTF-8"?>
<testsuite xmlns:xsi="http://www.w3.org/2001/XMLSchema-instance" xsi:noNamespaceSchemaLocation="https://maven.apache.org/surefire/maven-surefire-plugin/xsd/surefire-test-report.xsd" name="InventoryTest" time="1.345" tests="55" errors="0" skipped="5" failures="0">
  <properties>
    <property name="sun.desktop" value="gnome"/>
    <property name="awt.toolkit" value="sun.awt.X11.XToolkit"/>
    <property name="java.specification.version" value="11"/>
    <property name="sun.cpu.isalist" value=""/>
    <property name="sun.jnu.encoding" value="UTF-8"/>
    <property name="java.class.path" value="/home/noah/Projects/352/CoffeeMaker/Coffeemaker3/CoffeeMaker/target/test-classes:/home/noah/Projects/352/CoffeeMaker/Coffeemaker3/CoffeeMaker/target/classes:/home/noah/.m2/repository/org/junit/jupiter/junit-jupiter/5.5.2/junit-jupiter-5.5.2.jar:/home/noah/.m2/repository/org/junit/jupiter/junit-jupiter-api/5.5.2/junit-jupiter-api-5.5.2.jar:/home/noah/.m2/repository/org/apiguardian/apiguardian-api/1.1.0/apiguardian-api-1.1.0.jar:/home/noah/.m2/repository/org/opentest4j/opentest4j/1.2.0/opentest4j-1.2.0.jar:/home/noah/.m2/repository/org/junit/platform/junit-platform-commons/1.5.2/junit-platform-commons-1.5.2.jar:/home/noah/.m2/repository/org/junit/jupiter/junit-jupiter-params/5.5.2/junit-jupiter-params-5.5.2.jar:/home/noah/.m2/repository/org/junit/jupiter/junit-jupiter-engine/5.5.2/junit-jupiter-engine-5.5.2.jar:/home/noah/.m2/repository/org/junit/platform/junit-platform-engine/1.5.2/junit-platform-engine-1.5.2.jar:/home/noah/.m2/repository/org/mockito/mockito-core/3.0.0/mockito-core-3.0.0.jar:/home/noah/.m2/repository/net/bytebuddy/byte-buddy/1.9.10/byte-buddy-1.9.10.jar:/home/noah/.m2/repository/net/bytebuddy/byte-buddy-agent/1.9.10/byte-buddy-agent-1.9.10.jar:/home/noah/.m2/repository/org/objenesis/objenesis/2.6/objenesis-2.6.jar:"/>
    <property name="java.vm.vendor" value="Ubuntu"/>
    <property name="sun.arch.data.model" value="64"/>
    <property name="java.vendor.url" value="https://ubuntu.com/"/>
    <property name="user.timezone" value=""/>
    <property name="java.vm.specification.version" value="11"/>
    <property name="os.name" value="Linux"/>
    <property name="sun.java.launcher" value="SUN_STANDARD"/>
    <property name="user.country" value="US"/>
    <property name="sun.boot.library.path" value="/usr/lib/jvm/java-11-openjdk-amd64/lib"/>
    <property name="sun.java.command" value="/home/noah/Projects/352/CoffeeMaker/Coffeemaker3/CoffeeMaker/target/surefire/surefirebooter10153815077341868006.jar /home/noah/Projects/352/CoffeeMaker/Coffeemaker3/CoffeeMaker/target/surefire 2019-09-22T23-20-51_866-jvmRun1 surefire14814132099243802090tmp surefire_013128093701773388359tmp"/>
    <property name="jdk.debug" value="release"/>
    <property name="surefire.test.class.path" value="/home/noah/Projects/352/CoffeeMaker/Coffeemaker3/CoffeeMaker/target/test-classes:/home/noah/Projects/352/CoffeeMaker/Coffeemaker3/CoffeeMaker/target/classes:/home/noah/.m2/repository/org/junit/jupiter/junit-jupiter/5.5.2/junit-jupiter-5.5.2.jar:/home/noah/.m2/repository/org/junit/jupiter/junit-jupiter-api/5.5.2/junit-jupiter-api-5.5.2.jar:/home/noah/.m2/repository/org/apiguardian/apiguardian-api/1.1.0/apiguardian-api-1.1.0.jar:/home/noah/.m2/repository/org/opentest4j/opentest4j/1.2.0/opentest4j-1.2.0.jar:/home/noah/.m2/repository/org/junit/platform/junit-platform-commons/1.5.2/junit-platform-commons-1.5.2.jar:/home/noah/.m2/repository/org/junit/jupiter/junit-jupiter-params/5.5.2/junit-jupiter-params-5.5.2.jar:/home/noah/.m2/repository/org/junit/jupiter/junit-jupiter-engine/5.5.2/junit-jupiter-engine-5.5.2.jar:/home/noah/.m2/repository/org/junit/platform/junit-platform-engine/1.5.2/junit-platform-engine-1.5.2.jar:/home/noah/.m2/repository/org/mockito/mockito-core/3.0.0/mockito-core-3.0.0.jar:/home/noah/.m2/repository/net/bytebuddy/byte-buddy/1.9.10/byte-buddy-1.9.10.jar:/home/noah/.m2/repository/net/bytebuddy/byte-buddy-agent/1.9.10/byte-buddy-agent-1.9.10.jar:/home/noah/.m2/repository/org/objenesis/objenesis/2.6/objenesis-2.6.jar:"/>
    <property name="sun.cpu.endian" value="little"/>
    <property name="user.home" value="/home/noah"/>
    <property name="user.language" value="en"/>
    <property name="java.specification.vendor" value="Oracle Corporation"/>
    <property name="java.version.date" value="2019-07-16"/>
    <property name="java.home" value="/usr/lib/jvm/java-11-openjdk-amd64"/>
    <property name="file.separator" value="/"/>
    <property name="basedir" value="/home/noah/Projects/352/CoffeeMaker/Coffeemaker3/CoffeeMaker"/>
    <property name="java.vm.compressedOopsMode" value="Zero based"/>
    <property name="line.separator" value="&#10;"/>
    <property name="java.specification.name" value="Java Platform API Specification"/>
    <property name="java.vm.specification.vendor" value="Oracle Corporation"/>
    <property name="java.awt.graphicsenv" value="sun.awt.X11GraphicsEnvironment"/>
    <property name="surefire.real.class.path" value="/home/noah/Projects/352/CoffeeMaker/Coffeemaker3/CoffeeMaker/target/surefire/surefirebooter10153815077341868006.jar"/>
    <property name="sun.management.compiler" value="HotSpot 64-Bit Tiered Compilers"/>
    <property name="java.runtime.version" value="11.0.4+11-post-Ubuntu-1ubuntu219.04"/>
    <property name="user.name" value="noah"/>
    <property name="path.separator" value=":"/>
    <property name="os.version" value="5.0.0-27-generic"/>
    <property name="java.runtime.name" value="OpenJDK Runtime Environment"/>
    <property name="file.encoding" value="UTF-8"/>
    <property name="java.vm.name" value="OpenJDK 64-Bit Server VM"/>
    <property name="localRepository" value="/home/noah/.m2/repository"/>
    <property name="java.vendor.url.bug" value="https://bugs.launchpad.net/ubuntu/+source/openjdk-lts"/>
    <property name="java.io.tmpdir" value="/tmp"/>
    <property name="java.version" value="11.0.4"/>
    <property name="user.dir" value="/home/noah/Projects/352/CoffeeMaker/Coffeemaker3/CoffeeMaker"/>
    <property name="os.arch" value="amd64"/>
    <property name="java.vm.specification.name" value="Java Virtual Machine Specification"/>
    <property name="java.awt.printerjob" value="sun.print.PSPrinterJob"/>
    <property name="sun.os.patch.level" value="unknown"/>
    <property name="java.library.path" value="/usr/java/packages/lib:/usr/lib/x86_64-linux-gnu/jni:/lib/x86_64-linux-gnu:/usr/lib/x86_64-linux-gnu:/usr/lib/jni:/lib:/usr/lib"/>
    <property name="java.vendor" value="Ubuntu"/>
    <property name="java.vm.info" value="mixed mode, sharing"/>
    <property name="java.vm.version" value="11.0.4+11-post-Ubuntu-1ubuntu219.04"/>
    <property name="sun.io.unicode.encoding" value="UnicodeLittle"/>
    <property name="java.class.version" value="55.0"/>
  </properties>
  <testcase name="testEnoughIngredientsNotEnoughChocolate" classname="InventoryTest" time="0.153"/>
  <testcase name="testGetChocolateNo" classname="InventoryTest" time="0.002"/>
  <testcase name="testAddCoffeeWithNegativeInteger" classname="InventoryTest" time="0.008"/>
  <testcase name="testAddSugarWithPositiveFloat" classname="InventoryTest" time="0.002"/>
  <testcase name="testEnoughIngredientsNotEnoughSugar" classname="InventoryTest" time="0.004"/>
  <testcase name="testAddMilkWithNull" classname="InventoryTest" time="0.001"/>
  <testcase name="testGetSugar" classname="InventoryTest" time="0.002"/>
  <testcase name="testAddChocolateWithNull" classname="InventoryTest" time="0.002"/>
  <testcase name="testEnoughIngredientsWithNull" classname="InventoryTest" time="0.002"/>
  <testcase name="testInventory" classname="InventoryTest" time="0.003"/>
  <testcase name="testAddSugarWithNull" classname="InventoryTest" time="0.002"/>
  <testcase name="testEnoughIngredientsNotEnoughMilk" classname="InventoryTest" time="0.004"/>
  <testcase name="testEnoughIngredientsPlentyResources" classname="InventoryTest" time="0.004"/>
  <testcase name="testSetCoffeeWithPositiveInteger" classname="InventoryTest" time="0"/>
  <testcase name="testToString" classname="InventoryTest" time="0.001"/>
  <testcase name="testAddMilkWithPositiveInteger" classname="InventoryTest" time="0.003"/>
  <testcase name="testAddSugarWithNegativeFloat" classname="InventoryTest" time="0"/>
  <testcase name="testSetCoffeeWithNegativeInteger" classname="InventoryTest" time="0.001"/>
  <testcase name="testAddMilkWithNegativeInteger" classname="InventoryTest" time="0.002"/>
  <testcase name="testSetSugarToZero" classname="InventoryTest" time="0.002"/>
  <testcase name="testAddCoffeeWithNull" classname="InventoryTest" time="0.001"/>
  <testcase name="testAddSugarWithPositiveInteger" classname="InventoryTest" time="0.001"/>
  <testcase name="testGetMilk" classname="InventoryTest" time="0.001"/>
  <testcase name="testEnoughIngredientsNotEnoughCoffee" classname="InventoryTest" time="0.003"/>
  <testcase name="testSetMilkToZero" classname="InventoryTest" time="0.001"/>
  <testcase name="testAddSugarWithNegativeInteger" classname="InventoryTest" time="0.004"/>
  <testcase name="testAddMilkWithPositiveFloat" classname="InventoryTest" time="0.004"/>
  <testcase name="testAddChocolateWithPositiveFloat" classname="InventoryTest" time="0.004"/>
  <testcase name="testSetChocolateToZero" classname="InventoryTest" time="0.003"/>
  <testcase name="testSetCoffeeToZero" classname="InventoryTest" time="0.002"/>
  <testcase name="testSetSugarOnMultipleThreads" classname="InventoryTest" time="0">
    <skipped message="void InventoryTest.testSetSugarOnMultipleThreads() is @Disabled"/>
  </testcase>
  <testcase name="testUseIngredientsNotEnoughResources" classname="InventoryTest" time="0.027"/>
  <testcase name="testAddSugarOnMultipleThreads" classname="InventoryTest" time="0">
    <skipped message="void InventoryTest.testAddSugarOnMultipleThreads() is @Disabled"/>
  </testcase>
  <testcase name="testUseIngredientsSufficientResources" classname="InventoryTest" time="0.009"/>
  <testcase name="testEnoughIngredientsOnMultipleThreads" classname="InventoryTest" time="0">
    <skipped message="void InventoryTest.testEnoughIngredientsOnMultipleThreads() is @Disabled"/>
  </testcase>
  <testcase name="testAddMilkWithNegativeFloat" classname="InventoryTest" time="0.002"/>
  <testcase name="testGetCoffeeNo" classname="InventoryTest" time="0">
    <skipped message="void InventoryTest.testGetCoffeeNo() is @Disabled"/>
  </testcase>
  <testcase name="testSetSugarWithPositiveInteger" classname="InventoryTest" time="0.001"/>
  <testcase name="testAddChocolateWithNegativeFloat" classname="InventoryTest" time="0.002"/>
  <testcase name="testUseIngredientsWithNull" classname="InventoryTest" time="0.001"/>
  <testcase name="testSetMilkWithPositiveInteger" classname="InventoryTest" time="0.001"/>
  <testcase name="testSetSugarWithNegativeInteger" classname="InventoryTest" time="0.001"/>
  <testcase name="testSetMilkWithNegativeInteger" classname="InventoryTest" time="0.002"/>
  <testcase name="testGetCoffee" classname="InventoryTest" time="0.001"/>
  <testcase name="testAddCoffeeWithPositiveFloat" classname="InventoryTest" time="0.001"/>
  <testcase name="testGetMilkNo" classname="InventoryTest" time="0.001"/>
  <testcase name="testAddChocolateWithPositiveInteger" classname="InventoryTest" time="0.001"/>
  <testcase name="testGetChocolate" classname="InventoryTest" time="0.001"/>
  <testcase name="testEnoughIngredientsSufficientResources" classname="InventoryTest" time="0.004"/>
  <testcase name="testAddMilkOnMultipleThreads" classname="InventoryTest" time="0">
    <skipped message="void InventoryTest.testAddMilkOnMultipleThreads() is @Disabled"/>
  </testcase>
  <testcase name="testAddChocolateWithNegativeInteger" classname="InventoryTest" time="0.002"/>
  <testcase name="testSetChocolateWithPositiveInteger" classname="InventoryTest" time="0.001"/>
  <testcase name="testAddCoffeeWithPositiveInteger" classname="InventoryTest" time="0.001"/>
  <testcase name="testAddCoffeeWithNegativeFloat" classname="InventoryTest" time="0.002"/>
  <testcase name="testSetChocolateWithNegativeInteger" classname="InventoryTest" time="0.001"/>
</testsuite>